This file contains any messages produced by compilers while
running configure, to aid debugging if configure makes a mistake.

It was created by configure, which was
generated by GNU Autoconf 2.61.  Invocation command line was

  $ ./configure 

## --------- ##
## Platform. ##
## --------- ##

hostname = Mnemosyne.local
uname -m = i386
uname -r = 9.8.0
uname -s = Darwin
uname -v = Darwin Kernel Version 9.8.0: Wed Jul 15 16:55:01 PDT 2009; root:xnu-1228.15.4~1/RELEASE_I386

/usr/bin/uname -p = i386
/bin/uname -X     = unknown

/bin/arch              = unknown
/usr/bin/arch -k       = unknown
/usr/convex/getsysinfo = unknown
/usr/bin/hostinfo      = Mach kernel version:
	 Darwin Kernel Version 9.8.0: Wed Jul 15 16:55:01 PDT 2009; root:xnu-1228.15.4~1/RELEASE_I386
Kernel configured for up to 2 processors.
2 processors are physically available.
2 processors are logically available.
Processor type: i486 (Intel 80486)
Processors active: 0 1
Primary memory available: 4.00 gigabytes
Default processor set: 63 tasks, 284 threads, 2 processors
Load average: 0.48, Mach factor: 1.50
/bin/machine           = unknown
/usr/bin/oslevel       = unknown
/bin/universe          = unknown

PATH: /opt/local/bin
PATH: /usr/local/bin
PATH: /usr/bin
PATH: /bin
PATH: /usr/sbin
PATH: /sbin
PATH: /usr/local/bin
PATH: /usr/X11/bin


## ----------- ##
## Core tests. ##
## ----------- ##

configure:2039: checking for a BSD-compatible install
configure:2095: result: /opt/local/bin/ginstall -c
configure:2106: checking whether build environment is sane
configure:2149: result: yes
configure:2206: checking for gawk
configure:2236: result: no
configure:2206: checking for mawk
configure:2236: result: no
configure:2206: checking for nawk
configure:2236: result: no
configure:2206: checking for awk
configure:2222: found /usr/bin/awk
configure:2233: result: awk
configure:2244: checking whether make sets $(MAKE)
configure:2265: result: yes
configure:2436: checking whether to enable maintainer-specific portions of Makefiles
configure:2445: result: no
configure:2467: checking build system type
configure:2485: result: i386-apple-darwin9.8.0
configure:2507: checking host system type
configure:2522: result: i386-apple-darwin9.8.0
configure:2630: checking for style of include used by make
configure:2658: result: GNU
configure:2731: checking for gcc
configure:2747: found /usr/bin/gcc
configure:2758: result: gcc
configure:2996: checking for C compiler version
configure:3003: gcc --version >&5
i686-apple-darwin9-gcc-4.0.1 (GCC) 4.0.1 (Apple Inc. build 5493)
Copyright (C) 2005 Free Software Foundation, Inc.
This is free software; see the source for copying conditions.  There is NO
warranty; not even for MERCHANTABILITY or FITNESS FOR A PARTICULAR PURPOSE.

configure:3006: $? = 0
configure:3013: gcc -v >&5
Using built-in specs.
Target: i686-apple-darwin9
Configured with: /var/tmp/gcc/gcc-5493~1/src/configure --disable-checking -enable-werror --prefix=/usr --mandir=/share/man --enable-languages=c,objc,c++,obj-c++ --program-transform-name=/^[cg][^.-]*$/s/$/-4.0/ --with-gxx-include-dir=/include/c++/4.0.0 --with-slibdir=/usr/lib --build=i686-apple-darwin9 --with-arch=apple --with-tune=generic --host=i686-apple-darwin9 --target=i686-apple-darwin9
Thread model: posix
gcc version 4.0.1 (Apple Inc. build 5493)
configure:3016: $? = 0
configure:3023: gcc -V >&5
gcc-4.0: argument to `-V' is missing
configure:3026: $? = 1
configure:3049: checking for C compiler default output file name
configure:3076: gcc    conftest.c  >&5
configure:3079: $? = 0
configure:3117: result: a.out
configure:3134: checking whether the C compiler works
configure:3144: ./a.out
configure:3147: $? = 0
configure:3164: result: yes
configure:3171: checking whether we are cross compiling
configure:3173: result: no
configure:3176: checking for suffix of executables
configure:3183: gcc -o conftest    conftest.c  >&5
configure:3186: $? = 0
configure:3210: result: 
configure:3216: checking for suffix of object files
configure:3242: gcc -c   conftest.c >&5
configure:3245: $? = 0
configure:3268: result: o
configure:3272: checking whether we are using the GNU C compiler
configure:3301: gcc -c   conftest.c >&5
configure:3307: $? = 0
configure:3324: result: yes
configure:3329: checking whether gcc accepts -g
configure:3359: gcc -c -g  conftest.c >&5
configure:3365: $? = 0
configure:3464: result: yes
configure:3481: checking for gcc option to accept ISO C89
configure:3555: gcc  -c -g -O2  conftest.c >&5
configure:3561: $? = 0
configure:3584: result: none needed
configure:3604: checking dependency style of gcc
configure:3694: result: gcc3
configure:3711: checking for a sed that does not truncate output
configure:3767: result: /usr/bin/sed
configure:3770: checking for grep that handles long lines and -e
configure:3844: result: /usr/bin/grep
configure:3849: checking for egrep
configure:3927: result: /usr/bin/grep -E
configure:3943: checking for ld used by gcc
configure:4010: result: /usr/libexec/gcc/i686-apple-darwin9/4.0.1/ld
configure:4019: checking if the linker (/usr/libexec/gcc/i686-apple-darwin9/4.0.1/ld) is GNU ld
configure:4034: result: no
configure:4039: checking for /usr/libexec/gcc/i686-apple-darwin9/4.0.1/ld option to reload object files
configure:4046: result: -r
configure:4064: checking for BSD-compatible nm
configure:4113: result: /usr/bin/nm -p
configure:4117: checking whether ln -s works
configure:4121: result: yes
configure:4128: checking how to recognize dependent libraries
configure:4314: result: pass_all
configure:4849: checking how to run the C preprocessor
configure:4889: gcc -E  conftest.c
configure:4895: $? = 0
configure:4926: gcc -E  conftest.c
conftest.c:8:28: error: ac_nonexistent.h: No such file or directory
configure:4932: $? = 1
configure: failed program was:
| /* confdefs.h.  */
| #define PACKAGE_NAME ""
| #define PACKAGE_TARNAME ""
| #define PACKAGE_VERSION ""
| #define PACKAGE_STRING ""
| #define PACKAGE_BUGREPORT ""
| /* end confdefs.h.  */
| #include <ac_nonexistent.h>
configure:4965: result: gcc -E
configure:4994: gcc -E  conftest.c
configure:5000: $? = 0
configure:5031: gcc -E  conftest.c
conftest.c:8:28: error: ac_nonexistent.h: No such file or directory
configure:5037: $? = 1
configure: failed program was:
| /* confdefs.h.  */
| #define PACKAGE_NAME ""
| #define PACKAGE_TARNAME ""
| #define PACKAGE_VERSION ""
| #define PACKAGE_STRING ""
| #define PACKAGE_BUGREPORT ""
| /* end confdefs.h.  */
| #include <ac_nonexistent.h>
configure:5075: checking for ANSI C header files
configure:5105: gcc -c -g -O2  conftest.c >&5
configure:5111: $? = 0
configure:5210: gcc -o conftest -g -O2   conftest.c  >&5
configure:5213: $? = 0
configure:5219: ./conftest
configure:5222: $? = 0
configure:5239: result: yes
configure:5263: checking for sys/types.h
configure:5284: gcc -c -g -O2  conftest.c >&5
configure:5290: $? = 0
configure:5306: result: yes
configure:5263: checking for sys/stat.h
configure:5284: gcc -c -g -O2  conftest.c >&5
configure:5290: $? = 0
configure:5306: result: yes
configure:5263: checking for stdlib.h
configure:5284: gcc -c -g -O2  conftest.c >&5
configure:5290: $? = 0
configure:5306: result: yes
configure:5263: checking for string.h
configure:5284: gcc -c -g -O2  conftest.c >&5
configure:5290: $? = 0
configure:5306: result: yes
configure:5263: checking for memory.h
configure:5284: gcc -c -g -O2  conftest.c >&5
configure:5290: $? = 0
configure:5306: result: yes
configure:5263: checking for strings.h
configure:5284: gcc -c -g -O2  conftest.c >&5
configure:5290: $? = 0
configure:5306: result: yes
configure:5263: checking for inttypes.h
configure:5284: gcc -c -g -O2  conftest.c >&5
configure:5290: $? = 0
configure:5306: result: yes
configure:5263: checking for stdint.h
configure:5284: gcc -c -g -O2  conftest.c >&5
configure:5290: $? = 0
configure:5306: result: yes
configure:5263: checking for unistd.h
configure:5284: gcc -c -g -O2  conftest.c >&5
configure:5290: $? = 0
configure:5306: result: yes
configure:5333: checking dlfcn.h usability
configure:5350: gcc -c -g -O2  conftest.c >&5
configure:5356: $? = 0
configure:5370: result: yes
configure:5374: checking dlfcn.h presence
configure:5389: gcc -E  conftest.c
configure:5395: $? = 0
configure:5409: result: yes
configure:5437: checking for dlfcn.h
configure:5445: result: yes
configure:5516: checking for g++
configure:5532: found /usr/bin/g++
configure:5543: result: g++
configure:5574: checking for C++ compiler version
configure:5581: g++ --version >&5
i686-apple-darwin9-g++-4.0.1 (GCC) 4.0.1 (Apple Inc. build 5493)
Copyright (C) 2005 Free Software Foundation, Inc.
This is free software; see the source for copying conditions.  There is NO
warranty; not even for MERCHANTABILITY or FITNESS FOR A PARTICULAR PURPOSE.

configure:5584: $? = 0
configure:5591: g++ -v >&5
Using built-in specs.
Target: i686-apple-darwin9
Configured with: /var/tmp/gcc/gcc-5493~1/src/configure --disable-checking -enable-werror --prefix=/usr --mandir=/share/man --enable-languages=c,objc,c++,obj-c++ --program-transform-name=/^[cg][^.-]*$/s/$/-4.0/ --with-gxx-include-dir=/include/c++/4.0.0 --with-slibdir=/usr/lib --build=i686-apple-darwin9 --with-arch=apple --with-tune=generic --host=i686-apple-darwin9 --target=i686-apple-darwin9
Thread model: posix
gcc version 4.0.1 (Apple Inc. build 5493)
configure:5594: $? = 0
configure:5601: g++ -V >&5
g++-4.0: argument to `-V' is missing
configure:5604: $? = 1
configure:5607: checking whether we are using the GNU C++ compiler
configure:5636: g++ -c   conftest.cpp >&5
configure:5642: $? = 0
configure:5659: result: yes
configure:5664: checking whether g++ accepts -g
configure:5694: g++ -c -g  conftest.cpp >&5
configure:5700: $? = 0
configure:5799: result: yes
configure:5824: checking dependency style of g++
configure:5914: result: gcc3
configure:5941: checking how to run the C++ preprocessor
configure:5977: g++ -E  conftest.cpp
configure:5983: $? = 0
configure:6014: g++ -E  conftest.cpp
conftest.cpp:19:28: error: ac_nonexistent.h: No such file or directory
configure:6020: $? = 1
configure: failed program was:
| /* confdefs.h.  */
| #define PACKAGE_NAME ""
| #define PACKAGE_TARNAME ""
| #define PACKAGE_VERSION ""
| #define PACKAGE_STRING ""
| #define PACKAGE_BUGREPORT ""
| #define STDC_HEADERS 1
| #define HAVE_SYS_TYPES_H 1
| #define HAVE_SYS_STAT_H 1
| #define HAVE_STDLIB_H 1
| #define HAVE_STRING_H 1
| #define HAVE_MEMORY_H 1
| #define HAVE_STRINGS_H 1
| #define HAVE_INTTYPES_H 1
| #define HAVE_STDINT_H 1
| #define HAVE_UNISTD_H 1
| #define HAVE_DLFCN_H 1
| /* end confdefs.h.  */
| #include <ac_nonexistent.h>
configure:6053: result: g++ -E
configure:6082: g++ -E  conftest.cpp
configure:6088: $? = 0
configure:6119: g++ -E  conftest.cpp
conftest.cpp:19:28: error: ac_nonexistent.h: No such file or directory
configure:6125: $? = 1
configure: failed program was:
| /* confdefs.h.  */
| #define PACKAGE_NAME ""
| #define PACKAGE_TARNAME ""
| #define PACKAGE_VERSION ""
| #define PACKAGE_STRING ""
| #define PACKAGE_BUGREPORT ""
| #define STDC_HEADERS 1
| #define HAVE_SYS_TYPES_H 1
| #define HAVE_SYS_STAT_H 1
| #define HAVE_STDLIB_H 1
| #define HAVE_STRING_H 1
| #define HAVE_MEMORY_H 1
| #define HAVE_STRINGS_H 1
| #define HAVE_INTTYPES_H 1
| #define HAVE_STDINT_H 1
| #define HAVE_UNISTD_H 1
| #define HAVE_DLFCN_H 1
| /* end confdefs.h.  */
| #include <ac_nonexistent.h>
configure:6218: checking for g77
configure:6248: result: no
configure:6218: checking for xlf
configure:6248: result: no
configure:6218: checking for f77
configure:6248: result: no
configure:6218: checking for frt
configure:6248: result: no
configure:6218: checking for pgf77
configure:6248: result: no
configure:6218: checking for cf77
configure:6248: result: no
configure:6218: checking for fort77
configure:6248: result: no
configure:6218: checking for fl32
configure:6248: result: no
configure:6218: checking for af77
configure:6248: result: no
configure:6218: checking for xlf90
configure:6248: result: no
configure:6218: checking for f90
configure:6248: result: no
configure:6218: checking for pgf90
configure:6248: result: no
configure:6218: checking for pghpf
configure:6248: result: no
configure:6218: checking for epcf90
configure:6248: result: no
configure:6218: checking for gfortran
configure:6248: result: no
configure:6218: checking for g95
configure:6248: result: no
configure:6218: checking for xlf95
configure:6248: result: no
configure:6218: checking for f95
configure:6248: result: no
configure:6218: checking for fort
configure:6248: result: no
configure:6218: checking for ifort
configure:6248: result: no
configure:6218: checking for ifc
configure:6248: result: no
configure:6218: checking for efc
configure:6248: result: no
configure:6218: checking for pgf95
configure:6248: result: no
configure:6218: checking for lf95
configure:6248: result: no
configure:6218: checking for ftn
configure:6248: result: no
configure:6275: checking for Fortran 77 compiler version
configure:6282:  --version >&5
./configure: line 6283: --version: command not found
configure:6285: $? = 127
configure:6292:  -v >&5
./configure: line 6293: -v: command not found
configure:6295: $? = 127
configure:6302:  -V >&5
./configure: line 6303: -V: command not found
configure:6305: $? = 127
configure:6313: checking whether we are using the GNU Fortran 77 compiler
configure:6332:  -c  conftest.F >&5
./configure: line 6333: -c: command not found
configure:6338: $? = 127
configure: failed program was:
|       program main
| #ifndef __GNUC__
|        choke me
| #endif
| 
|       end
configure:6355: result: no
configure:6361: checking whether  accepts -g
configure:6378:  -c -g conftest.f >&5
./configure: line 6379: -c: command not found
configure:6384: $? = 127
configure: failed program was:
|       program main
| 
|       end
configure:6400: result: no
configure:6429: checking the maximum length of command line arguments
configure:6541: result: 196608
configure:6553: checking command to parse /usr/bin/nm -p output from gcc object
configure:6658: gcc -c -g -O2  conftest.c >&5
configure:6661: $? = 0
configure:6665: /usr/bin/nm -p conftest.o \| sed -n -e 's/^.*[ 	]\([BCDEGRST][BCDEGRST]*\)[ 	][ 	]*\([_A-Za-z][_A-Za-z0-9]*\)$/\1 \2 \2/p' \> conftest.nm
configure:6668: $? = 0
cannot find nm_test_var in conftest.nm
configure:6658: gcc -c -g -O2  conftest.c >&5
configure:6661: $? = 0
configure:6665: /usr/bin/nm -p conftest.o \| sed -n -e 's/^.*[ 	]\([BCDEGRST][BCDEGRST]*\)[ 	][ 	]*_\([_A-Za-z][_A-Za-z0-9]*\)$/\1 _\2 \2/p' \> conftest.nm
configure:6668: $? = 0
configure:6720: gcc -o conftest -g -O2   conftest.c conftstm.o >&5
configure:6723: $? = 0
configure:6761: result: ok
configure:6765: checking for objdir
configure:6780: result: .libs
configure:6872: checking for ar
configure:6888: found /usr/bin/ar
configure:6899: result: ar
configure:6968: checking for ranlib
configure:6984: found /usr/bin/ranlib
configure:6995: result: ranlib
configure:7064: checking for strip
configure:7080: found /usr/bin/strip
configure:7091: result: strip
configure:7348: checking for dsymutil
configure:7364: found /usr/bin/dsymutil
configure:7375: result: dsymutil
configure:7444: checking for nmedit
configure:7460: found /usr/bin/nmedit
configure:7471: result: nmedit
configure:7498: checking for -single_module linker flag
configure:7519: result: yes
configure:7521: checking for -exported_symbols_list linker flag
configure:7551: gcc -o conftest -g -O2   -Wl,-exported_symbols_list,conftest.sym conftest.c  >&5
configure:7557: $? = 0
configure:7576: result: yes
configure:7689: checking if gcc supports -fno-rtti -fno-exceptions
configure:7707: gcc -c -g -O2  -fno-rtti -fno-exceptions conftest.c >&5
cc1: warning: command line option "-fno-rtti" is valid for C++/ObjC++ but not for C
configure:7711: $? = 0
configure:7724: result: no
configure:7739: checking for gcc option to produce PIC
configure:7971: result: -fno-common
configure:7979: checking if gcc PIC flag -fno-common works
configure:7997: gcc -c -g -O2  -fno-common -DPIC conftest.c >&5
configure:8001: $? = 0
configure:8014: result: yes
configure:8042: checking if gcc static flag -static works
configure:8070: result: no
configure:8080: checking if gcc supports -c -o file.o
configure:8101: gcc -c -g -O2  -o out/conftest2.o conftest.c >&5
configure:8105: $? = 0
configure:8127: result: yes
configure:8153: checking whether the gcc linker (/usr/libexec/gcc/i686-apple-darwin9/4.0.1/ld) supports shared libraries
configure:9134: result: yes
configure:9201: checking dynamic linker characteristics
configure:9815: result: darwin9.8.0 dyld
configure:9839: checking how to hardcode library paths into programs
configure:9864: result: immediate
configure:9878: checking whether stripping libraries is possible
configure:9892: result: yes
configure:10685: checking if libtool supports shared libraries
configure:10687: result: yes
configure:10690: checking whether to build shared libraries
configure:10711: result: yes
configure:10714: checking whether to build static libraries
configure:10718: result: yes
configure:10812: creating libtool
configure:11405: checking for ld used by g++
configure:11472: result: /usr/libexec/gcc/i686-apple-darwin9/4.0.1/ld
configure:11481: checking if the linker (/usr/libexec/gcc/i686-apple-darwin9/4.0.1/ld) is GNU ld
configure:11496: result: no
configure:11547: checking whether the g++ linker (/usr/libexec/gcc/i686-apple-darwin9/4.0.1/ld) supports shared libraries
configure:12493: result: yes
configure:12510: g++ -c -g -O2  conftest.cpp >&5
configure:12513: $? = 0
configure:12669: checking for g++ option to produce PIC
configure:12953: result: -fno-common
configure:12961: checking if g++ PIC flag -fno-common works
configure:12979: g++ -c -g -O2  -fno-common -DPIC conftest.cpp >&5
configure:12983: $? = 0
configure:12996: result: yes
configure:13024: checking if g++ static flag -static works
configure:13052: result: no
configure:13062: checking if g++ supports -c -o file.o
configure:13083: g++ -c -g -O2  -o out/conftest2.o conftest.cpp >&5
configure:13087: $? = 0
configure:13109: result: yes
configure:13135: checking whether the g++ linker (/usr/libexec/gcc/i686-apple-darwin9/4.0.1/ld) supports shared libraries
configure:13164: result: yes
configure:13231: checking dynamic linker characteristics
configure:13793: result: darwin9.8.0 dyld
configure:13817: checking how to hardcode library paths into programs
configure:13842: result: immediate
configure:20090: checking whether byte ordering is bigendian
configure:20123: gcc -c -g -O2  conftest.c >&5
configure:20129: $? = 0
configure:20161: gcc -c -g -O2  conftest.c >&5
conftest.c: In function 'main':
conftest.c:26: error: 'not' undeclared (first use in this function)
conftest.c:26: error: (Each undeclared identifier is reported only once
conftest.c:26: error: for each function it appears in.)
conftest.c:26: error: syntax error before 'big'
configure:20167: $? = 1
configure: failed program was:
| /* confdefs.h.  */
| #define PACKAGE_NAME ""
| #define PACKAGE_TARNAME ""
| #define PACKAGE_VERSION ""
| #define PACKAGE_STRING ""
| #define PACKAGE_BUGREPORT ""
| #define STDC_HEADERS 1
| #define HAVE_SYS_TYPES_H 1
| #define HAVE_SYS_STAT_H 1
| #define HAVE_STDLIB_H 1
| #define HAVE_STRING_H 1
| #define HAVE_MEMORY_H 1
| #define HAVE_STRINGS_H 1
| #define HAVE_INTTYPES_H 1
| #define HAVE_STDINT_H 1
| #define HAVE_UNISTD_H 1
| #define HAVE_DLFCN_H 1
| /* end confdefs.h.  */
| #include <sys/types.h>
| #include <sys/param.h>
| 
| int
| main ()
| {
| #if BYTE_ORDER != BIG_ENDIAN
|  not big endian
| #endif
| 
|   ;
|   return 0;
| }
configure:20307: result: no
configure:20326: checking for an ANSI C-conforming const
configure:20401: gcc -c -g -O2  conftest.c >&5
configure:20407: $? = 0
configure:20422: result: yes
configure:20432: checking for inline
configure:20458: gcc -c -g -O2  conftest.c >&5
configure:20464: $? = 0
configure:20482: result: inline
configure:20501: checking for C/C++ restrict keyword
configure:20537: gcc -c -g -O2  conftest.c >&5
conftest.c:20: error: syntax error before 'ip'
conftest.c: In function 'foo':
conftest.c:21: error: 'ip' undeclared (first use in this function)
conftest.c:21: error: (Each undeclared identifier is reported only once
conftest.c:21: error: for each function it appears in.)
conftest.c: In function 'main':
conftest.c:27: error: nested functions are disabled, use -fnested-functions to re-enable
conftest.c:27: error: syntax error before 't'
conftest.c:28: error: 't' undeclared (first use in this function)
configure:20543: $? = 1
configure: failed program was:
| /* confdefs.h.  */
| #define PACKAGE_NAME ""
| #define PACKAGE_TARNAME ""
| #define PACKAGE_VERSION ""
| #define PACKAGE_STRING ""
| #define PACKAGE_BUGREPORT ""
| #define STDC_HEADERS 1
| #define HAVE_SYS_TYPES_H 1
| #define HAVE_SYS_STAT_H 1
| #define HAVE_STDLIB_H 1
| #define HAVE_STRING_H 1
| #define HAVE_MEMORY_H 1
| #define HAVE_STRINGS_H 1
| #define HAVE_INTTYPES_H 1
| #define HAVE_STDINT_H 1
| #define HAVE_UNISTD_H 1
| #define HAVE_DLFCN_H 1
| /* end confdefs.h.  */
| typedef int * int_ptr;
|         int foo (int_ptr restrict ip) {
|         return ip[0];
|        }
| int
| main ()
| {
| int s[1];
|         int * restrict t = s;
|         t[0] = 0;
|         return foo(t)
|   ;
|   return 0;
| }
configure:20537: gcc -c -g -O2  conftest.c >&5
configure:20543: $? = 0
configure:20561: result: __restrict
configure:20578: checking for C99 variable-size arrays
configure:20605: gcc -c -g -O2  conftest.c >&5
configure:20611: $? = 0
configure:20631: result: yes
configure:20650: checking alloca.h usability
configure:20667: gcc -c -g -O2  conftest.c >&5
configure:20673: $? = 0
configure:20687: result: yes
configure:20691: checking alloca.h presence
configure:20706: gcc -E  conftest.c
configure:20712: $? = 0
configure:20726: result: yes
configure:20754: checking for alloca.h
configure:20762: result: yes
configure:20650: checking getopt.h usability
configure:20667: gcc -c -g -O2  conftest.c >&5
configure:20673: $? = 0
configure:20687: result: yes
configure:20691: checking getopt.h presence
configure:20706: gcc -E  conftest.c
configure:20712: $? = 0
configure:20726: result: yes
configure:20754: checking for getopt.h
configure:20762: result: yes
configure:20775: checking for alloca
configure:20806: gcc -c -g -O2  conftest.c >&5
configure:20812: $? = 0
configure:20836: result: yes
configure:20839: checking for SSE in current arch/CFLAGS
configure:20868: gcc -o conftest -g -O2   conftest.c  >&5
configure:20874: $? = 0
configure:20895: result: yes
configure:20900: checking for ELF visibility
configure:20928: gcc -c -g -O2 -fvisibility=hidden  conftest.c >&5
configure:20934: $? = 0
configure:20964: result: yes
configure:20983: checking sys/soundcard.h usability
configure:21000: gcc -c -g -O2 -fvisibility=hidden  conftest.c >&5
conftest.c:57:27: error: sys/soundcard.h: No such file or directory
configure:21006: $? = 1
configure: failed program was:
| /* confdefs.h.  */
| #define PACKAGE_NAME ""
| #define PACKAGE_TARNAME ""
| #define PACKAGE_VERSION ""
| #define PACKAGE_STRING ""
| #define PACKAGE_BUGREPORT ""
| #define STDC_HEADERS 1
| #define HAVE_SYS_TYPES_H 1
| #define HAVE_SYS_STAT_H 1
| #define HAVE_STDLIB_H 1
| #define HAVE_STRING_H 1
| #define HAVE_MEMORY_H 1
| #define HAVE_STRINGS_H 1
| #define HAVE_INTTYPES_H 1
| #define HAVE_STDINT_H 1
| #define HAVE_UNISTD_H 1
| #define HAVE_DLFCN_H 1
| #define restrict __restrict
| #define VAR_ARRAYS
| #define HAVE_ALLOCA_H 1
| #define HAVE_GETOPT_H 1
| #define EXPORT __attribute__((visibility("default")))
| /* end confdefs.h.  */
| #include <stdio.h>
| #ifdef HAVE_SYS_TYPES_H
| # include <sys/types.h>
| #endif
| #ifdef HAVE_SYS_STAT_H
| # include <sys/stat.h>
| #endif
| #ifdef STDC_HEADERS
| # include <stdlib.h>
| # include <stddef.h>
| #else
| # ifdef HAVE_STDLIB_H
| #  include <stdlib.h>
| # endif
| #endif
| #ifdef HAVE_STRING_H
| # if !defined STDC_HEADERS && defined HAVE_MEMORY_H
| #  include <memory.h>
| # endif
| # include <string.h>
| #endif
| #ifdef HAVE_STRINGS_H
| # include <strings.h>
| #endif
| #ifdef HAVE_INTTYPES_H
| # include <inttypes.h>
| #endif
| #ifdef HAVE_STDINT_H
| # include <stdint.h>
| #endif
| #ifdef HAVE_UNISTD_H
| # include <unistd.h>
| #endif
| #include <sys/soundcard.h>
configure:21020: result: no
configure:21024: checking sys/soundcard.h presence
configure:21039: gcc -E  conftest.c
conftest.c:24:27: error: sys/soundcard.h: No such file or directory
configure:21045: $? = 1
configure: failed program was:
| /* confdefs.h.  */
| #define PACKAGE_NAME ""
| #define PACKAGE_TARNAME ""
| #define PACKAGE_VERSION ""
| #define PACKAGE_STRING ""
| #define PACKAGE_BUGREPORT ""
| #define STDC_HEADERS 1
| #define HAVE_SYS_TYPES_H 1
| #define HAVE_SYS_STAT_H 1
| #define HAVE_STDLIB_H 1
| #define HAVE_STRING_H 1
| #define HAVE_MEMORY_H 1
| #define HAVE_STRINGS_H 1
| #define HAVE_INTTYPES_H 1
| #define HAVE_STDINT_H 1
| #define HAVE_UNISTD_H 1
| #define HAVE_DLFCN_H 1
| #define restrict __restrict
| #define VAR_ARRAYS
| #define HAVE_ALLOCA_H 1
| #define HAVE_GETOPT_H 1
| #define EXPORT __attribute__((visibility("default")))
| /* end confdefs.h.  */
| #include <sys/soundcard.h>
configure:21059: result: no
configure:21087: checking for sys/soundcard.h
configure:21095: result: no
configure:20983: checking sys/audioio.h usability
configure:21000: gcc -c -g -O2 -fvisibility=hidden  conftest.c >&5
conftest.c:57:25: error: sys/audioio.h: No such file or directory
configure:21006: $? = 1
configure: failed program was:
| /* confdefs.h.  */
| #define PACKAGE_NAME ""
| #define PACKAGE_TARNAME ""
| #define PACKAGE_VERSION ""
| #define PACKAGE_STRING ""
| #define PACKAGE_BUGREPORT ""
| #define STDC_HEADERS 1
| #define HAVE_SYS_TYPES_H 1
| #define HAVE_SYS_STAT_H 1
| #define HAVE_STDLIB_H 1
| #define HAVE_STRING_H 1
| #define HAVE_MEMORY_H 1
| #define HAVE_STRINGS_H 1
| #define HAVE_INTTYPES_H 1
| #define HAVE_STDINT_H 1
| #define HAVE_UNISTD_H 1
| #define HAVE_DLFCN_H 1
| #define restrict __restrict
| #define VAR_ARRAYS
| #define HAVE_ALLOCA_H 1
| #define HAVE_GETOPT_H 1
| #define EXPORT __attribute__((visibility("default")))
| /* end confdefs.h.  */
| #include <stdio.h>
| #ifdef HAVE_SYS_TYPES_H
| # include <sys/types.h>
| #endif
| #ifdef HAVE_SYS_STAT_H
| # include <sys/stat.h>
| #endif
| #ifdef STDC_HEADERS
| # include <stdlib.h>
| # include <stddef.h>
| #else
| # ifdef HAVE_STDLIB_H
| #  include <stdlib.h>
| # endif
| #endif
| #ifdef HAVE_STRING_H
| # if !defined STDC_HEADERS && defined HAVE_MEMORY_H
| #  include <memory.h>
| # endif
| # include <string.h>
| #endif
| #ifdef HAVE_STRINGS_H
| # include <strings.h>
| #endif
| #ifdef HAVE_INTTYPES_H
| # include <inttypes.h>
| #endif
| #ifdef HAVE_STDINT_H
| # include <stdint.h>
| #endif
| #ifdef HAVE_UNISTD_H
| # include <unistd.h>
| #endif
| #include <sys/audioio.h>
configure:21020: result: no
configure:21024: checking sys/audioio.h presence
configure:21039: gcc -E  conftest.c
conftest.c:24:25: error: sys/audioio.h: No such file or directory
configure:21045: $? = 1
configure: failed program was:
| /* confdefs.h.  */
| #define PACKAGE_NAME ""
| #define PACKAGE_TARNAME ""
| #define PACKAGE_VERSION ""
| #define PACKAGE_STRING ""
| #define PACKAGE_BUGREPORT ""
| #define STDC_HEADERS 1
| #define HAVE_SYS_TYPES_H 1
| #define HAVE_SYS_STAT_H 1
| #define HAVE_STDLIB_H 1
| #define HAVE_STRING_H 1
| #define HAVE_MEMORY_H 1
| #define HAVE_STRINGS_H 1
| #define HAVE_INTTYPES_H 1
| #define HAVE_STDINT_H 1
| #define HAVE_UNISTD_H 1
| #define HAVE_DLFCN_H 1
| #define restrict __restrict
| #define VAR_ARRAYS
| #define HAVE_ALLOCA_H 1
| #define HAVE_GETOPT_H 1
| #define EXPORT __attribute__((visibility("default")))
| /* end confdefs.h.  */
| #include <sys/audioio.h>
configure:21059: result: no
configure:21087: checking for sys/audioio.h
configure:21095: result: no
configure:21159: checking for Ogg
configure:21199: gcc -o conftest -g -O2 -fvisibility=hidden    conftest.c   -logg >&5
conftest.c:28:21: error: ogg/ogg.h: No such file or directory
configure:21202: $? = 1
configure: program exited with status 1
configure: failed program was:
| /* confdefs.h.  */
| #define PACKAGE_NAME ""
| #define PACKAGE_TARNAME ""
| #define PACKAGE_VERSION ""
| #define PACKAGE_STRING ""
| #define PACKAGE_BUGREPORT ""
| #define STDC_HEADERS 1
| #define HAVE_SYS_TYPES_H 1
| #define HAVE_SYS_STAT_H 1
| #define HAVE_STDLIB_H 1
| #define HAVE_STRING_H 1
| #define HAVE_MEMORY_H 1
| #define HAVE_STRINGS_H 1
| #define HAVE_INTTYPES_H 1
| #define HAVE_STDINT_H 1
| #define HAVE_UNISTD_H 1
| #define HAVE_DLFCN_H 1
| #define restrict __restrict
| #define VAR_ARRAYS
| #define HAVE_ALLOCA_H 1
| #define HAVE_GETOPT_H 1
| #define EXPORT __attribute__((visibility("default")))
| /* end confdefs.h.  */
| 
| #include <stdio.h>
| #include <stdlib.h>
| #include <string.h>
| #include <ogg/ogg.h>
| 
| int main ()
| {
|   system("touch conf.oggtest");
|   return 0;
| }
| 
| 
configure:21235: result: no
configure:21267: gcc -o conftest -g -O2 -fvisibility=hidden    conftest.c   -logg >&5
conftest.c:26:21: error: ogg/ogg.h: No such file or directory
configure:21273: $? = 1
configure: failed program was:
| /* confdefs.h.  */
| #define PACKAGE_NAME ""
| #define PACKAGE_TARNAME ""
| #define PACKAGE_VERSION ""
| #define PACKAGE_STRING ""
| #define PACKAGE_BUGREPORT ""
| #define STDC_HEADERS 1
| #define HAVE_SYS_TYPES_H 1
| #define HAVE_SYS_STAT_H 1
| #define HAVE_STDLIB_H 1
| #define HAVE_STRING_H 1
| #define HAVE_MEMORY_H 1
| #define HAVE_STRINGS_H 1
| #define HAVE_INTTYPES_H 1
| #define HAVE_STDINT_H 1
| #define HAVE_UNISTD_H 1
| #define HAVE_DLFCN_H 1
| #define restrict __restrict
| #define VAR_ARRAYS
| #define HAVE_ALLOCA_H 1
| #define HAVE_GETOPT_H 1
| #define EXPORT __attribute__((visibility("default")))
| /* end confdefs.h.  */
| 
| #include <stdio.h>
| #include <ogg/ogg.h>
| 
| int
| main ()
| {
|  return 0;
|   ;
|   return 0;
| }
configure:21313: checking for sin in -lm
configure:21348: gcc -o conftest -g -O2 -fvisibility=hidden   conftest.c -lm   >&5
conftest.c:31: warning: conflicting types for built-in function 'sin'
configure:21354: $? = 0
configure:21372: result: yes
configure:21389: checking for getopt_long
configure:21445: gcc -o conftest -g -O2 -fvisibility=hidden   conftest.c -lm  >&5
configure:21451: $? = 0
configure:21469: result: yes
configure:21565: checking for main in -lwinmm
configure:21594: gcc -o conftest -g -O2 -fvisibility=hidden   conftest.c -lwinmm  -lm  >&5
ld: library not found for -lwinmm
collect2: ld returned 1 exit status
configure:21600: $? = 1
configure: failed program was:
| /* confdefs.h.  */
| #define PACKAGE_NAME ""
| #define PACKAGE_TARNAME ""
| #define PACKAGE_VERSION ""
| #define PACKAGE_STRING ""
| #define PACKAGE_BUGREPORT ""
| #define STDC_HEADERS 1
| #define HAVE_SYS_TYPES_H 1
| #define HAVE_SYS_STAT_H 1
| #define HAVE_STDLIB_H 1
| #define HAVE_STRING_H 1
| #define HAVE_MEMORY_H 1
| #define HAVE_STRINGS_H 1
| #define HAVE_INTTYPES_H 1
| #define HAVE_STDINT_H 1
| #define HAVE_UNISTD_H 1
| #define HAVE_DLFCN_H 1
| #define restrict __restrict
| #define VAR_ARRAYS
| #define HAVE_ALLOCA_H 1
| #define HAVE_GETOPT_H 1
| #define EXPORT __attribute__((visibility("default")))
| #define HAVE_LIBM 1
| #define HAVE_GETOPT_LONG 1
| /* end confdefs.h.  */
| 
| 
| int
| main ()
| {
| return main ();
|   ;
|   return 0;
| }
configure:21618: result: no
configure:21862: checking for pkg-config
configure:21880: found /opt/local/bin/pkg-config
configure:21892: result: /opt/local/bin/pkg-config
configure:21921: checking pkg-config is at least version 0.9.0
configure:21924: result: yes
configure:22161: checking for short
configure:22191: gcc -c -g -O2 -fvisibility=hidden  conftest.c >&5
configure:22197: $? = 0
configure:22212: result: yes
configure:22219: checking size of short
configure:22521: gcc -o conftest -g -O2 -fvisibility=hidden   conftest.c -lm  >&5
configure:22524: $? = 0
configure:22530: ./conftest
configure:22533: $? = 0
configure:22556: result: 2
configure:22566: checking for int
configure:22596: gcc -c -g -O2 -fvisibility=hidden  conftest.c >&5
configure:22602: $? = 0
configure:22617: result: yes
configure:22624: checking size of int
configure:22926: gcc -o conftest -g -O2 -fvisibility=hidden   conftest.c -lm  >&5
configure:22929: $? = 0
configure:22935: ./conftest
configure:22938: $? = 0
configure:22961: result: 4
configure:22971: checking for long
configure:23001: gcc -c -g -O2 -fvisibility=hidden  conftest.c >&5
configure:23007: $? = 0
configure:23022: result: yes
configure:23029: checking size of long
configure:23331: gcc -o conftest -g -O2 -fvisibility=hidden   conftest.c -lm  >&5
configure:23334: $? = 0
configure:23340: ./conftest
configure:23343: $? = 0
configure:23366: result: 4
configure:23550: creating ./config.status

## ---------------------- ##
## Running config.status. ##
## ---------------------- ##

This file was extended by config.status, which was
generated by GNU Autoconf 2.61.  Invocation command line was

  CONFIG_FILES    = 
  CONFIG_HEADERS  = 
  CONFIG_LINKS    = 
  CONFIG_COMMANDS = 
  $ ./config.status 

on Mnemosyne.local

config.status:719: creating Makefile
config.status:719: creating libspeex/Makefile
config.status:719: creating src/Makefile
config.status:719: creating doc/Makefile
config.status:719: creating Speex.spec
config.status:719: creating include/Makefile
config.status:719: creating include/speex/Makefile
config.status:719: creating speex.pc
config.status:719: creating speexdsp.pc
config.status:719: creating win32/Makefile
config.status:719: creating win32/libspeex/Makefile
config.status:719: creating win32/speexenc/Makefile
config.status:719: creating win32/speexdec/Makefile
config.status:719: creating symbian/Makefile
config.status:719: creating win32/VS2003/Makefile
config.status:719: creating win32/VS2003/tests/Makefile
config.status:719: creating win32/VS2003/libspeex/Makefile
config.status:719: creating win32/VS2003/libspeexdsp/Makefile
config.status:719: creating win32/VS2003/speexdec/Makefile
config.status:719: creating win32/VS2003/speexenc/Makefile
config.status:719: creating win32/VS2005/Makefile
config.status:719: creating win32/VS2005/libspeex/Makefile
config.status:719: creating win32/VS2005/speexdec/Makefile
config.status:719: creating win32/VS2005/speexenc/Makefile
config.status:719: creating win32/VS2005/libspeexdsp/Makefile
config.status:719: creating win32/VS2005/tests/Makefile
config.status:719: creating win32/VS2008/libspeexdsp/Makefile
config.status:719: creating win32/VS2008/Makefile
config.status:719: creating win32/VS2008/speexdec/Makefile
config.status:719: creating win32/VS2008/tests/Makefile
config.status:719: creating win32/VS2008/libspeex/Makefile
config.status:719: creating win32/VS2008/speexenc/Makefile
config.status:719: creating include/speex/speex_config_types.h
config.status:719: creating ti/Makefile
config.status:719: creating ti/speex_C54_test/Makefile
config.status:719: creating ti/speex_C55_test/Makefile
config.status:719: creating ti/speex_C64_test/Makefile
config.status:719: creating config.h
config.status:1002: executing depfiles commands

## ---------------- ##
## Cache variables. ##
## ---------------- ##

ac_cv_build=i386-apple-darwin9.8.0
ac_cv_c_bigendian=no
ac_cv_c_compiler_gnu=yes
ac_cv_c_const=yes
ac_cv_c_inline=inline
ac_cv_c_restrict=__restrict
ac_cv_cxx_compiler_gnu=yes
ac_cv_env_CCC_set=
ac_cv_env_CCC_value=
ac_cv_env_CC_set=
ac_cv_env_CC_value=
ac_cv_env_CFLAGS_set=
ac_cv_env_CFLAGS_value=
ac_cv_env_CPPFLAGS_set=
ac_cv_env_CPPFLAGS_value=
ac_cv_env_CPP_set=
ac_cv_env_CPP_value=
ac_cv_env_CXXCPP_set=
ac_cv_env_CXXCPP_value=
ac_cv_env_CXXFLAGS_set=
ac_cv_env_CXXFLAGS_value=
ac_cv_env_CXX_set=
ac_cv_env_CXX_value=
ac_cv_env_F77_set=
ac_cv_env_F77_value=
ac_cv_env_FFLAGS_set=
ac_cv_env_FFLAGS_value=
ac_cv_env_FFT_CFLAGS_set=
ac_cv_env_FFT_CFLAGS_value=
ac_cv_env_FFT_LIBS_set=
ac_cv_env_FFT_LIBS_value=
ac_cv_env_LDFLAGS_set=
ac_cv_env_LDFLAGS_value=
ac_cv_env_LIBS_set=
ac_cv_env_LIBS_value=
ac_cv_env_PKG_CONFIG_set=
ac_cv_env_PKG_CONFIG_value=
ac_cv_env_build_alias_set=
ac_cv_env_build_alias_value=
ac_cv_env_host_alias_set=
ac_cv_env_host_alias_value=
ac_cv_env_target_alias_set=
ac_cv_env_target_alias_value=
ac_cv_f77_compiler_gnu=no
ac_cv_func_getopt_long=yes
ac_cv_header_alloca_h=yes
ac_cv_header_dlfcn_h=yes
ac_cv_header_getopt_h=yes
ac_cv_header_inttypes_h=yes
ac_cv_header_memory_h=yes
ac_cv_header_stdc=yes
ac_cv_header_stdint_h=yes
ac_cv_header_stdlib_h=yes
ac_cv_header_string_h=yes
ac_cv_header_strings_h=yes
ac_cv_header_sys_audioio_h=no
ac_cv_header_sys_soundcard_h=no
ac_cv_header_sys_stat_h=yes
ac_cv_header_sys_types_h=yes
ac_cv_header_unistd_h=yes
ac_cv_host=i386-apple-darwin9.8.0
ac_cv_lib_m_sin=yes
ac_cv_lib_winmm_main=no
ac_cv_objext=o
ac_cv_path_EGREP='/usr/bin/grep -E'
ac_cv_path_GREP=/usr/bin/grep
ac_cv_path_ac_pt_PKG_CONFIG=/opt/local/bin/pkg-config
ac_cv_path_install='/opt/local/bin/ginstall -c'
ac_cv_prog_AWK=awk
ac_cv_prog_CPP='gcc -E'
ac_cv_prog_CXXCPP='g++ -E'
ac_cv_prog_ac_ct_AR=ar
ac_cv_prog_ac_ct_CC=gcc
ac_cv_prog_ac_ct_CXX=g++
ac_cv_prog_ac_ct_DSYMUTIL=dsymutil
ac_cv_prog_ac_ct_NMEDIT=nmedit
ac_cv_prog_ac_ct_RANLIB=ranlib
ac_cv_prog_ac_ct_STRIP=strip
ac_cv_prog_cc_c89=
ac_cv_prog_cc_g=yes
ac_cv_prog_cxx_g=yes
ac_cv_prog_f77_g=no
ac_cv_prog_make_make_set=yes
ac_cv_sizeof_int=4
ac_cv_sizeof_long=4
ac_cv_sizeof_short=2
ac_cv_type_int=yes
ac_cv_type_long=yes
ac_cv_type_short=yes
am_cv_CC_dependencies_compiler_type=gcc3
am_cv_CXX_dependencies_compiler_type=gcc3
lt_cv_apple_cc_single_mod=yes
lt_cv_deplibs_check_method=pass_all
lt_cv_file_magic_cmd='$MAGIC_CMD'
lt_cv_file_magic_test_file=
lt_cv_ld_exported_symbols_list=yes
lt_cv_ld_reload_flag=-r
lt_cv_objdir=.libs
lt_cv_path_LD=/usr/libexec/gcc/i686-apple-darwin9/4.0.1/ld
lt_cv_path_LDCXX=/usr/libexec/gcc/i686-apple-darwin9/4.0.1/ld
lt_cv_path_NM='/usr/bin/nm -p'
lt_cv_path_SED=/usr/bin/sed
lt_cv_prog_compiler_c_o=yes
lt_cv_prog_compiler_c_o_CXX=yes
lt_cv_prog_compiler_pic_works=yes
lt_cv_prog_compiler_pic_works_CXX=yes
lt_cv_prog_compiler_rtti_exceptions=no
lt_cv_prog_compiler_static_works=no
lt_cv_prog_compiler_static_works_CXX=no
lt_cv_prog_gnu_ld=no
lt_cv_prog_gnu_ldcxx=no
lt_cv_sys_global_symbol_pipe='sed -n -e '\''s/^.*[ 	]\([BCDEGRST][BCDEGRST]*\)[ 	][ 	]*_\([_A-Za-z][_A-Za-z0-9]*\)$/\1 _\2 \2/p'\'''
lt_cv_sys_global_symbol_to_c_name_address='sed -n -e '\''s/^: \([^ ]*\) $/  {\"\1\", (lt_ptr) 0},/p'\'' -e '\''s/^[BCDEGRST] \([^ ]*\) \([^ ]*\)$/  {"\2", (lt_ptr) \&\2},/p'\'''
lt_cv_sys_global_symbol_to_cdecl='sed -n -e '\''s/^. .* \(.*\)$/extern int \1;/p'\'''
lt_cv_sys_lib_dlsearch_path_spec='/usr/local/lib /lib /usr/lib'
lt_cv_sys_lib_search_path_spec='/usr/lib/i686-apple-darwin9/4.0.1 /usr/lib /usr/lib/gcc/i686-apple-darwin9/4.0.1 /usr/local/lib'
lt_cv_sys_max_cmd_len=196608
lt_lt_cv_prog_compiler_c_o='"yes"'
lt_lt_cv_prog_compiler_c_o_CXX='"yes"'
lt_lt_cv_sys_global_symbol_pipe='"sed -n -e '\''s/^.*[ 	]\\([BCDEGRST][BCDEGRST]*\\)[ 	][ 	]*_\\([_A-Za-z][_A-Za-z0-9]*\\)\$/\\1 _\\2 \\2/p'\''"'
lt_lt_cv_sys_global_symbol_to_c_name_address='"sed -n -e '\''s/^: \\([^ ]*\\) \$/  {\\\"\\1\\\", (lt_ptr) 0},/p'\'' -e '\''s/^[BCDEGRST] \\([^ ]*\\) \\([^ ]*\\)\$/  {\"\\2\", (lt_ptr) \\&\\2},/p'\''"'
lt_lt_cv_sys_global_symbol_to_cdecl='"sed -n -e '\''s/^. .* \\(.*\\)\$/extern int \\1;/p'\''"'

## ----------------- ##
## Output variables. ##
## ----------------- ##

ACLOCAL='${SHELL} /Users/sbooth/Development/speex-1.2rc1/missing --run aclocal-1.8'
AMDEPBACKSLASH='\'
AMDEP_FALSE='#'
AMDEP_TRUE=''
AMTAR='${SHELL} /Users/sbooth/Development/speex-1.2rc1/missing --run tar'
AR='ar'
AS='as'
AUTOCONF='${SHELL} /Users/sbooth/Development/speex-1.2rc1/missing --run autoconf'
AUTOHEADER='${SHELL} /Users/sbooth/Development/speex-1.2rc1/missing --run autoheader'
AUTOMAKE='${SHELL} /Users/sbooth/Development/speex-1.2rc1/missing --run automake-1.8'
AWK='awk'
BUILD_KISS_FFT_FALSE=''
BUILD_KISS_FFT_TRUE='#'
BUILD_SMALLFT_FALSE='#'
BUILD_SMALLFT_TRUE=''
CC='gcc'
CCDEPMODE='depmode=gcc3'
CFLAGS='-g -O2 -fvisibility=hidden'
CPP='gcc -E'
CPPFLAGS=''
CXX='g++'
CXXCPP='g++ -E'
CXXDEPMODE='depmode=gcc3'
CXXFLAGS='-g -O2'
CYGPATH_W='echo'
DEFS='-DHAVE_CONFIG_H'
DEPDIR='.deps'
DLLTOOL='dlltool'
DSYMUTIL='dsymutil'
ECHO='/bin/echo'
ECHO_C='ECHO_N=''
ECHO_T=''
EGREP='/usr/bin/grep -E'
EXEEXT=''
F77=''
FFLAGS=''
FFT_CFLAGS=''
FFT_LIBS=''
FFT_PKGCONFIG=''
GREP='/usr/bin/grep'
INSTALL_DATA='${INSTALL} -m 644'
INSTALL_PROGRAM='${INSTALL}'
INSTALL_SCRIPT='${INSTALL}'
INSTALL_STRIP_PROGRAM='${SHELL} $(install_sh) -c -s'
LDFLAGS=''
LIBOBJS=''
LIBS='-lm '
LIBTOOL='$(SHELL) $(top_builddir)/libtool'
LN_S='ln -s'
LTLIBOBJS=''
MAINT='#'
MAINTAINER_MODE_FALSE=''
MAINTAINER_MODE_TRUE='#'
MAKEINFO='${SHELL} /Users/sbooth/Development/speex-1.2rc1/missing --run makeinfo'
NMEDIT='nmedit'
OBJDUMP='objdump'
OBJEXT='o'
OGG_CFLAGS=''
OGG_LIBS=''
PACKAGE='speex'
PACKAGE_BUGREPORT=''
PACKAGE_NAME=''
PACKAGE_STRING=''
PACKAGE_TARNAME=''
PACKAGE_VERSION=''
PATH_SEPARATOR=':'
PKG_CONFIG='/opt/local/bin/pkg-config'
RANLIB='ranlib'
SED='/usr/bin/sed'
SET_MAKE=''
SHELL='/bin/sh'
SIZE16='short'
SIZE32='int'
SPEEX_LT_AGE='5'
SPEEX_LT_CURRENT='6'
SPEEX_LT_REVISION='0'
SPEEX_VERSION='1.2rc1'
STRIP='strip'
VERSION='1.2rc1'
ac_ct_CC='gcc'
ac_ct_CXX='g++'
ac_ct_F77=''
am__fastdepCC_FALSE='#'
am__fastdepCC_TRUE=''
am__fastdepCXX_FALSE='#'
am__fastdepCXX_TRUE=''
am__include='include'
am__leading_dot='.'
am__quote=''
bindir='${exec_prefix}/bin'
build='i386-apple-darwin9.8.0'
build_alias=''
build_cpu='i386'
build_os='darwin9.8.0'
build_vendor='apple'
datadir='${datarootdir}'
datarootdir='${prefix}/share'
docdir='${datarootdir}/doc/${PACKAGE}'
dvidir='${docdir}'
exec_prefix='${prefix}'
host='i386-apple-darwin9.8.0'
host_alias=''
host_cpu='i386'
host_os='darwin9.8.0'
host_vendor='apple'
htmldir='${docdir}'
includedir='${prefix}/include'
infodir='${datarootdir}/info'
install_sh='/Users/sbooth/Development/speex-1.2rc1/install-sh'
libdir='${exec_prefix}/lib'
libexecdir='${exec_prefix}/libexec'
localedir='${datarootdir}/locale'
localstatedir='${prefix}/var'
mandir='${datarootdir}/man'
mkdir_p='$(install_sh) -d'
oldincludedir='/usr/include'
pdfdir='${docdir}'
prefix='/usr/local'
program_transform_name='s,x,x,'
psdir='${docdir}'
sbindir='${exec_prefix}/sbin'
sharedstatedir='${prefix}/com'
src=''
sysconfdir='${prefix}/etc'
target_alias=''

## ----------- ##
## confdefs.h. ##
## ----------- ##

#define PACKAGE_NAME ""
#define PACKAGE_TARNAME ""
#define PACKAGE_VERSION ""
#define PACKAGE_STRING ""
#define PACKAGE_BUGREPORT ""
#define STDC_HEADERS 1
#define HAVE_SYS_TYPES_H 1
#define HAVE_SYS_STAT_H 1
#define HAVE_STDLIB_H 1
#define HAVE_STRING_H 1
#define HAVE_MEMORY_H 1
#define HAVE_STRINGS_H 1
#define HAVE_INTTYPES_H 1
#define HAVE_STDINT_H 1
#define HAVE_UNISTD_H 1
#define HAVE_DLFCN_H 1
#define restrict __restrict
#define VAR_ARRAYS
#define HAVE_ALLOCA_H 1
#define HAVE_GETOPT_H 1
#define EXPORT __attribute__((visibility("default")))
#define HAVE_LIBM 1
#define HAVE_GETOPT_LONG 1
#define SPEEX_VERSION "1.2rc1"
#define SPEEX_MAJOR_VERSION 1
#define SPEEX_MINOR_VERSION 1
#define SPEEX_MICRO_VERSION 16
#define SPEEX_EXTRA_VERSION ""
#define FLOATING_POINT
#define _USE_SSE
#define USE_SMALLFT
#define SIZEOF_SHORT 2
#define SIZEOF_INT 4
#define SIZEOF_LONG 4

configure: exit 0
